===== bootstrap (Guard 5 = SSI guard #5) =====
boot-store guard (Guard 5) PASS  [bootstrap]  store 340a7a32 == pinned 340a7a32 (ID-PRIMARY MIGRATION candidate (clean scope) 2026-07-12 — NOT A BAKE PROMOTION (no tag, no main merge; owner word required). base = v2.8 (store 04f38dad, board 9ecbe0fa). Store MOVED 04f38dad -> b0c39d78: 804 stable_player_id (afl-player-v1-<20hex>) + affl_team + eligibilities attached (identity fields, not read by ev(), 0 board movers); 5 named DOB corrections (onley/kickett/rodriguez/driscoll _by 2000->2007/2006; mcandrew _by 1999->2000); taylor-adams marked _retired (mid-season retirement). RE-ENTRY TRIO (perez/mcandrew/keane -> pickless SSP) DEFERRED to the v2.9 lever build (owner-ruled 2026-07-12; register v11 item 11a) — it reprices 657 non-named rows via the load-time calibration refit. luke-nankervis NO-import (store PSD pick 2 stands). Engine code UNTOUCHED at the store migration (head 7a07e369) -> board de4baef9; book RE-SEALED for the new store (n re-counted). [v2.9 REFIT+BAKE 2026-07-13 rides ON this store: engine 7a07e369->2030e5df (6 env-gated levers, default-ON), board de4baef9->8a66b4ba->f2d6e3f5->81e48293 (refit -> export/display -> L7 numéraire+override BAKE, display-only), store b0c39d78 UNCHANGED; cohort gate PASS 126.8/125.2/116.1; see _engine_head_note.] Board movers vs 9ecbe0fa: 94 = 5 DOB + adams removed + 88 hairline retirement ripple (<=+/-2 SCAR, owner-declared expected). Two Max Kings remain separately keyed (collision sentry GREEN). Lineage: v2.8 (9bd0cfd) -> this candidate. Tag push + main promote are owner-only. [ITEM 20 STORE-IDENTITY JOB 2026-07-13 (first job post-v2.9-tag) MOVED the store b0c39d78 -> 340a7a32 and the board 81e48293 -> 3dc19fbb: see _item20_note above. Engine ev()/config/band/rl_model UNCHANGED; the ONLY v mover is bramble (+1); everything else is identity/display. v2.9 tag (9f8ae76) is unmoved and remains canonical; this is the next chapter's first store write, no re-tag.])
bootstrap OK
  store md5      : 340a7a32   (single source; no .pre_stage0/.stage0 lookalikes; Guard 5 asserted == pinned)
  register md5   : 652d83e8   (LTI_REGISTER.md — R-REG=R2 pinned availability input; Guard 5 asserted == pinned)
===== SSI guards 1-4 (one_source_selftest) =====
  PASS collision sentry: max-king-stk._draft_club ('St Kilda') != max-king-syd._draft_club ('Sydney') — must stay distinct (no cross-copy)

SELF-TEST FAILED: 4 check(s)
  - rl_app_data.json present (build it first)
  - s4_matrix.json present (build it first)
  - board rl_app_data.json present (run rl_export.py first)
  - book s4_matrix.json present (run s4_matrix_M1v7.py first)
  (GUARD 4 — correction-sticks canary — runs separately: python3 guard_correction_canary.py)
===== panel (run_panel.sh) =====
RESULT: PASS 10/10
panel exit via pipefail PIPESTATUS=0
===== ship_gates suite =====
ship_gates rc=1
A2        FAIL    | FAIL    | FAIL     Curtis>=0.90xWard: 1598 vs 1562 (Ward=1735, ratio=0.921) [AMENDED 02/07/2026; UNCHANGED at 0.90 by ruling D7 — Luke: "we can look at Curtis down the line"]; Weddle>Ward: 1661 vs 1735
A3   [DC] FAIL    | FAIL    | FAIL     Connor Rozee: 2026=2396 2025=4464 ratio=0.54 (need >=0.75) [evaluated PRE-LTI-layer — Luke 02/07; AMENDED 0.80->0.75 Luke D7 data-caused (out for 2026), knife-edge by design]
A12  [DC] FAIL    | FAIL    | FAIL     Travaglia>Moraes: 824 vs 1041; Smillie>Retschko: 1349 vs 873
B1        PASS    | PASS    | PASS     JULY-8 construction (owner-ruled 2026-07-13, register v52 — CONFORMED; raw class-year sums of Vpath averaged UNWEIGHTED across 17 classes 2004-2020 incurve ND+RD; CANDIDATE regenerated this run — engine 2030e5df store 340a7a32 config 69ead79b944d): y1=69840.0 y2=79298.2 y3=82016.2 y4=88002.4 y5=86652.9 y6=80460.5 y7=71285.8; den=min(y1,y2)=y1=69840.0; ratios y4=1.2601(above-guide) y5=1.2407(in-guide) y6=1.1521(below-guide); hard<=1.30 -> PASS x3; guide 1.20-1.25 ADVISORY (margin reported, never gates)
VERDICT: FAIL=3  FEATURE=1  PASS=17  PENDING=4  STRUCK=1  (477s)
B1 — July-8 raw-sum GATE (bold row) + indexed SHAPE diagnostic (DEMOTED 2026-07-13, NOT the gate):
A3 DONE
