in-sample @150 built
  cohort 2014: n=64 held out, wf-rows=12655 (16s)
  cohort 2015: n=60 held out, wf-rows=12667 (16s)
  cohort 2016: n=67 held out, wf-rows=12634 (13s)
  cohort 2017: n=69 held out, wf-rows=12669 (14s)
  cohort 2018: n=60 held out, wf-rows=12789 (16s)

=== WITHIN-PLAYER value-by-tenure, % of PAR-value (leakage-guarded WF vs in-sample IS) ===
  future-GOOD should sit near/above 100 early & flat; BUST below & staying low; watch for violent yr0/1 moves
  MID      GOOD n=53  WF[T0:  13 T1:  24 T2:  49 T3:  62 T4:  65 T5:  55]
                       IS[   13   24   48   60   64   58 ]  (gap IS-WF = leakage)
  MID      BUST n=15  WF[T0:   0 T1:   0 T2:   0 T3:   0 T4:   0 T5:   0]
                       IS[    0    0    0    0    0    0 ]  (gap IS-WF = leakage)
  GEN_FWD  GOOD n=41  WF[T0:  22 T1:  27 T2:  45 T3:  67 T4:  60 T5:  42]
                       IS[   22   26   48   66   60   41 ]  (gap IS-WF = leakage)
  GEN_FWD  BUST n=11  WF[T0:   1 T1:   1 T2:   1 T3:   1 T4:   1 T5:   1]
                       IS[    1    1    1    1    1    1 ]  (gap IS-WF = leakage)
  KEY_FWD  GOOD n=22  WF[T0:  31 T1:  31 T2:  59 T3:  78 T4:  82 T5:  70]
                       IS[   31   31   59   77   82   67 ]  (gap IS-WF = leakage)
  KEY_FWD  BUST n= 5  WF[T0:   1 T1:   1 T2:   1 T3:   1 T4:   1 T5:   1]
                       IS[    1    1    1    1    1    1 ]  (gap IS-WF = leakage)
  GEN_DEF  GOOD n=50  WF[T0:  20 T1:  27 T2:  51 T3:  71 T4:  70 T5:  67]
                       IS[   20   28   51   69   71   68 ]  (gap IS-WF = leakage)
  GEN_DEF  BUST n= 8  WF[T0:   1 T1:   1 T2:   1 T3:   1 T4:   1 T5:   1]
                       IS[    1    1    1    1    1    1 ]  (gap IS-WF = leakage)
  KEY_DEF  GOOD n=30  WF[T0:  18 T1:  28 T2:  59 T3:  65 T4:  62 T5:  64]
                       IS[   18   28   58   64   63   66 ]  (gap IS-WF = leakage)
  KEY_DEF  BUST n= 4  WF[T0:   1 T1:   1 T2:   1 T3:   1 T4:   1 T5:   1]
                       IS[    1    1    1    1    1    1 ]  (gap IS-WF = leakage)
