{
 "gate": 0.95,
 "sweep_all_seasons": {
  "d=0.30": {
   "lambda": 0.8611,
   "ci": [
    0.7534,
    0.9743
   ],
   "n": 111
  },
  "d=0.40": {
   "lambda": 0.8317,
   "ci": [
    0.722,
    0.9505
   ],
   "n": 112
  },
  "d=0.50": {
   "lambda": 0.8086,
   "ci": [
    0.68,
    0.9678
   ],
   "n": 112
  },
  "d=0.60": {
   "lambda": 0.719,
   "ci": [
    0.6115,
    0.8514
   ],
   "n": 110
  },
  "d=0.72": {
   "lambda": 0.7314,
   "ci": [
    0.5829,
    0.9292
   ],
   "n": 110
  }
 },
 "horizon_cap_recent2": {
  "d=0.30": {
   "lambda": 0.972,
   "ci": [
    0.8234,
    1.1256
   ],
   "n": 111
  },
  "d=0.50": {
   "lambda": 0.9236,
   "ci": [
    0.83,
    1.0002
   ],
   "n": 113
  },
  "d=0.72": {
   "lambda": 0.9083,
   "ci": [
    0.8342,
    0.9769
   ],
   "n": 113
  }
 },
 "horizon_cap_recent3": {
  "d=0.50": {
   "lambda": 0.823,
   "ci": [
    0.7364,
    0.9177
   ],
   "n": 112
  },
  "d=0.72": {
   "lambda": 0.8004,
   "ci": [
    0.6994,
    0.9229
   ],
   "n": 112
  }
 }
}
